

Microchip MPLAB XC8 Assembler V2.41 build 20230208172133 
                                                                                               Sun Feb 15 19:45:11 2026

Microchip MPLAB XC8 C Compiler v2.41 (Free license) build 20230208172133 Og1 
     1                           	processor	16F1827
     2                           	pagewidth 120
     3                           	opt	flic
     4                           	psect	cinit,global,class=CODE,merge=1,delta=2
     5                           	psect	bssCOMMON,global,class=COMMON,space=1,delta=1,noexec
     6                           	psect	cstackCOMMON,global,class=COMMON,space=1,delta=1,noexec
     7                           	psect	maintext,global,class=CODE,merge=1,split=1,delta=2
     8                           	psect	text1,local,class=CODE,merge=1,delta=2
     9                           	psect	text2,local,class=CODE,merge=1,delta=2
    10                           	psect	text3,local,class=CODE,merge=1,delta=2
    11                           	psect	text4,local,class=CODE,merge=1,delta=2
    12                           	psect	intentry,global,class=CODE,delta=2
    13                           	psect	text6,local,class=CODE,merge=1,delta=2
    14                           	psect	idloc,global,abs,ovrld,class=IDLOC,space=5,delta=2,noexec
    15                           	psect	config,global,abs,ovrld,class=CONFIG,space=4,delta=2,noexec
    16                           	dabs	1,0x7E,2
    17     0000                     
    18                           ; Version 2.40
    19                           ; Generated 17/11/2021 GMT
    20                           ; 
    21                           ; Copyright © 2021, Microchip Technology Inc. and its subsidiaries ("Microchip")
    22                           ; All rights reserved.
    23                           ; 
    24                           ; This software is developed by Microchip Technology Inc. and its subsidiaries ("Microch
      +                          ip").
    25                           ; 
    26                           ; Redistribution and use in source and binary forms, with or without modification, are
    27                           ; permitted provided that the following conditions are met:
    28                           ; 
    29                           ;     1. Redistributions of source code must retain the above copyright notice, this lis
      +                          t of
    30                           ;        conditions and the following disclaimer.
    31                           ; 
    32                           ;     2. Redistributions in binary form must reproduce the above copyright notice, this 
      +                          list
    33                           ;        of conditions and the following disclaimer in the documentation and/or other
    34                           ;        materials provided with the distribution. Publication is not required when
    35                           ;        this file is used in an embedded application.
    36                           ; 
    37                           ;     3. Microchip's name may not be used to endorse or promote products derived from th
      +                          is
    38                           ;        software without specific prior written permission.
    39                           ; 
    40                           ; THIS SOFTWARE IS PROVIDED BY MICROCHIP "AS IS" AND ANY EXPRESS OR IMPLIED WARRANTIES,
    41                           ; INCLUDING, BUT NOT LIMITED TO, THE IMPLIED WARRANTIES OF MERCHANTABILITY AND FITNESS F
      +                          OR
    42                           ; PURPOSE ARE DISCLAIMED.  IN NO EVENT SHALL MICROCHIP BE LIABLE FOR ANY DIRECT, INDIREC
      +                          T,
    43                           ; INCIDENTAL, SPECIAL, EXEMPLARY, OR CONSEQUENTIAL DAMAGES (INCLUDING BUT NOT LIMITED TO
    44                           ; PROCUREMENT OF SUBSTITUTE GOODS OR SERVICES; LOSS OF USE, DATA OR PROFITS; OR BUSINESS
    45                           ; INTERRUPTION) HOWSOEVER CAUSED AND ON ANY THEORY OF LIABILITY, WHETHER IN CONTRACT, ST
      +                          RICT
    46                           ; LIABILITY, OR TORT (INCLUDING NEGLIGENCE OR OTHERWISE) ARISING IN ANY WAY OUT OF THE U
      +                          SE OF
    47                           ; THIS SOFTWARE, EVEN IF ADVISED OF THE POSSIBILITY OF SUCH DAMAGE.
    48                           ; 
    49                           ; 
    50                           ; Code-generator required, PIC16F1827 Definitions
    51                           ; 
    52                           ; SFR Addresses
    53     0000                     	;# 
    54     0001                     	;# 
    55     0002                     	;# 
    56     0003                     	;# 
    57     0004                     	;# 
    58     0005                     	;# 
    59     0006                     	;# 
    60     0007                     	;# 
    61     0008                     	;# 
    62     0009                     	;# 
    63     000A                     	;# 
    64     000B                     	;# 
    65     000C                     	;# 
    66     000D                     	;# 
    67     0011                     	;# 
    68     0012                     	;# 
    69     0013                     	;# 
    70     0014                     	;# 
    71     0015                     	;# 
    72     0016                     	;# 
    73     0016                     	;# 
    74     0017                     	;# 
    75     0018                     	;# 
    76     0019                     	;# 
    77     001A                     	;# 
    78     001B                     	;# 
    79     001C                     	;# 
    80     001E                     	;# 
    81     001F                     	;# 
    82     008C                     	;# 
    83     008D                     	;# 
    84     0091                     	;# 
    85     0092                     	;# 
    86     0093                     	;# 
    87     0094                     	;# 
    88     0095                     	;# 
    89     0096                     	;# 
    90     0097                     	;# 
    91     0098                     	;# 
    92     0099                     	;# 
    93     009A                     	;# 
    94     009B                     	;# 
    95     009B                     	;# 
    96     009C                     	;# 
    97     009D                     	;# 
    98     009E                     	;# 
    99     010C                     	;# 
   100     010D                     	;# 
   101     0111                     	;# 
   102     0112                     	;# 
   103     0113                     	;# 
   104     0114                     	;# 
   105     0115                     	;# 
   106     0116                     	;# 
   107     0117                     	;# 
   108     0118                     	;# 
   109     0119                     	;# 
   110     011A                     	;# 
   111     011B                     	;# 
   112     011D                     	;# 
   113     011E                     	;# 
   114     018C                     	;# 
   115     018D                     	;# 
   116     0191                     	;# 
   117     0191                     	;# 
   118     0192                     	;# 
   119     0193                     	;# 
   120     0193                     	;# 
   121     0193                     	;# 
   122     0194                     	;# 
   123     0195                     	;# 
   124     0196                     	;# 
   125     0199                     	;# 
   126     019A                     	;# 
   127     019B                     	;# 
   128     019B                     	;# 
   129     019B                     	;# 
   130     019B                     	;# 
   131     019C                     	;# 
   132     019C                     	;# 
   133     019D                     	;# 
   134     019E                     	;# 
   135     019F                     	;# 
   136     020C                     	;# 
   137     020D                     	;# 
   138     0211                     	;# 
   139     0211                     	;# 
   140     0212                     	;# 
   141     0212                     	;# 
   142     0213                     	;# 
   143     0213                     	;# 
   144     0214                     	;# 
   145     0214                     	;# 
   146     0215                     	;# 
   147     0215                     	;# 
   148     0215                     	;# 
   149     0216                     	;# 
   150     0216                     	;# 
   151     0217                     	;# 
   152     0217                     	;# 
   153     0219                     	;# 
   154     021A                     	;# 
   155     021B                     	;# 
   156     021C                     	;# 
   157     021D                     	;# 
   158     021E                     	;# 
   159     021F                     	;# 
   160     0291                     	;# 
   161     0291                     	;# 
   162     0292                     	;# 
   163     0293                     	;# 
   164     0294                     	;# 
   165     0295                     	;# 
   166     0295                     	;# 
   167     0296                     	;# 
   168     0298                     	;# 
   169     0298                     	;# 
   170     0299                     	;# 
   171     029A                     	;# 
   172     029B                     	;# 
   173     029C                     	;# 
   174     029C                     	;# 
   175     029D                     	;# 
   176     029E                     	;# 
   177     029E                     	;# 
   178     0311                     	;# 
   179     0311                     	;# 
   180     0312                     	;# 
   181     0313                     	;# 
   182     0318                     	;# 
   183     0318                     	;# 
   184     0319                     	;# 
   185     031A                     	;# 
   186     0394                     	;# 
   187     0395                     	;# 
   188     0396                     	;# 
   189     039A                     	;# 
   190     039C                     	;# 
   191     039D                     	;# 
   192     039E                     	;# 
   193     039F                     	;# 
   194     0415                     	;# 
   195     0416                     	;# 
   196     0417                     	;# 
   197     041C                     	;# 
   198     041D                     	;# 
   199     041E                     	;# 
   200     0FE4                     	;# 
   201     0FE5                     	;# 
   202     0FE6                     	;# 
   203     0FE7                     	;# 
   204     0FE8                     	;# 
   205     0FE9                     	;# 
   206     0FEA                     	;# 
   207     0FEB                     	;# 
   208     0FED                     	;# 
   209     0FEE                     	;# 
   210     0FEF                     	;# 
   211     0000                     	;# 
   212     0001                     	;# 
   213     0002                     	;# 
   214     0003                     	;# 
   215     0004                     	;# 
   216     0005                     	;# 
   217     0006                     	;# 
   218     0007                     	;# 
   219     0008                     	;# 
   220     0009                     	;# 
   221     000A                     	;# 
   222     000B                     	;# 
   223     000C                     	;# 
   224     000D                     	;# 
   225     0011                     	;# 
   226     0012                     	;# 
   227     0013                     	;# 
   228     0014                     	;# 
   229     0015                     	;# 
   230     0016                     	;# 
   231     0016                     	;# 
   232     0017                     	;# 
   233     0018                     	;# 
   234     0019                     	;# 
   235     001A                     	;# 
   236     001B                     	;# 
   237     001C                     	;# 
   238     001E                     	;# 
   239     001F                     	;# 
   240     008C                     	;# 
   241     008D                     	;# 
   242     0091                     	;# 
   243     0092                     	;# 
   244     0093                     	;# 
   245     0094                     	;# 
   246     0095                     	;# 
   247     0096                     	;# 
   248     0097                     	;# 
   249     0098                     	;# 
   250     0099                     	;# 
   251     009A                     	;# 
   252     009B                     	;# 
   253     009B                     	;# 
   254     009C                     	;# 
   255     009D                     	;# 
   256     009E                     	;# 
   257     010C                     	;# 
   258     010D                     	;# 
   259     0111                     	;# 
   260     0112                     	;# 
   261     0113                     	;# 
   262     0114                     	;# 
   263     0115                     	;# 
   264     0116                     	;# 
   265     0117                     	;# 
   266     0118                     	;# 
   267     0119                     	;# 
   268     011A                     	;# 
   269     011B                     	;# 
   270     011D                     	;# 
   271     011E                     	;# 
   272     018C                     	;# 
   273     018D                     	;# 
   274     0191                     	;# 
   275     0191                     	;# 
   276     0192                     	;# 
   277     0193                     	;# 
   278     0193                     	;# 
   279     0193                     	;# 
   280     0194                     	;# 
   281     0195                     	;# 
   282     0196                     	;# 
   283     0199                     	;# 
   284     019A                     	;# 
   285     019B                     	;# 
   286     019B                     	;# 
   287     019B                     	;# 
   288     019B                     	;# 
   289     019C                     	;# 
   290     019C                     	;# 
   291     019D                     	;# 
   292     019E                     	;# 
   293     019F                     	;# 
   294     020C                     	;# 
   295     020D                     	;# 
   296     0211                     	;# 
   297     0211                     	;# 
   298     0212                     	;# 
   299     0212                     	;# 
   300     0213                     	;# 
   301     0213                     	;# 
   302     0214                     	;# 
   303     0214                     	;# 
   304     0215                     	;# 
   305     0215                     	;# 
   306     0215                     	;# 
   307     0216                     	;# 
   308     0216                     	;# 
   309     0217                     	;# 
   310     0217                     	;# 
   311     0219                     	;# 
   312     021A                     	;# 
   313     021B                     	;# 
   314     021C                     	;# 
   315     021D                     	;# 
   316     021E                     	;# 
   317     021F                     	;# 
   318     0291                     	;# 
   319     0291                     	;# 
   320     0292                     	;# 
   321     0293                     	;# 
   322     0294                     	;# 
   323     0295                     	;# 
   324     0295                     	;# 
   325     0296                     	;# 
   326     0298                     	;# 
   327     0298                     	;# 
   328     0299                     	;# 
   329     029A                     	;# 
   330     029B                     	;# 
   331     029C                     	;# 
   332     029C                     	;# 
   333     029D                     	;# 
   334     029E                     	;# 
   335     029E                     	;# 
   336     0311                     	;# 
   337     0311                     	;# 
   338     0312                     	;# 
   339     0313                     	;# 
   340     0318                     	;# 
   341     0318                     	;# 
   342     0319                     	;# 
   343     031A                     	;# 
   344     0394                     	;# 
   345     0395                     	;# 
   346     0396                     	;# 
   347     039A                     	;# 
   348     039C                     	;# 
   349     039D                     	;# 
   350     039E                     	;# 
   351     039F                     	;# 
   352     0415                     	;# 
   353     0416                     	;# 
   354     0417                     	;# 
   355     041C                     	;# 
   356     041D                     	;# 
   357     041E                     	;# 
   358     0FE4                     	;# 
   359     0FE5                     	;# 
   360     0FE6                     	;# 
   361     0FE7                     	;# 
   362     0FE8                     	;# 
   363     0FE9                     	;# 
   364     0FEA                     	;# 
   365     0FEB                     	;# 
   366     0FED                     	;# 
   367     0FEE                     	;# 
   368     0FEF                     	;# 
   369     000B                     _INTCON	set	11
   370     000C                     _PORTA	set	12
   371     0013                     _PIR3	set	19
   372     008C                     _TRISA	set	140
   373     0093                     _PIE3	set	147
   374     0098                     _OSCTUNE	set	152
   375     0099                     _OSCCON	set	153
   376     0118                     _DACCON0	set	280
   377     0119                     _DACCON1	set	281
   378     0416                     _PR4	set	1046
   379     0417                     _T4CON	set	1047
   380     0415                     _TMR4	set	1045
   381                           
   382                           	psect	cinit
   383     0017                     start_initialization:	
   384                           ; #config settings
   385                           
   386     0017                     __initialization:
   387                           
   388                           ; Clear objects allocated to COMMON
   389     0017  01F0               	clrf	__pbssCOMMON& (0+127)
   390     0018  01F1               	clrf	(__pbssCOMMON+1)& (0+127)
   391     0019  01F2               	clrf	(__pbssCOMMON+2)& (0+127)
   392     001A                     end_of_initialization:	
   393                           ;End of C runtime variable initialization code
   394                           
   395     001A                     __end_of__initialization:
   396     001A  107E               	bcf	int$flags,0	;clear compiler interrupt flag (level 1)
   397     001B  0020               	movlb	0
   398     001C  3180  2855         	ljmp	_main	;jump to C main() function
   399                           
   400                           	psect	bssCOMMON
   401     0070                     __pbssCOMMON:
   402     0070                     _u8_main_s_dacout_step:
   403     0070                     	ds	1
   404     0071                     _u8_main_s_20ms_task_flag:
   405     0071                     	ds	1
   406     0072                     _u8_main_s_loop_go:
   407     0072                     	ds	1
   408                           
   409                           	psect	cstackCOMMON
   410     0073                     __pcstackCOMMON:
   411     0073                     ?_func_main_s_register_setup:
   412     0073                     ?_func_main_s_variable_init:	
   413                           ; 1 bytes @ 0x0
   414                           
   415     0073                     ?_func_main_s_program_start:	
   416                           ; 1 bytes @ 0x0
   417                           
   418     0073                     ?_func_main_s_loop:	
   419                           ; 1 bytes @ 0x0
   420                           
   421     0073                     ?_func_main_s_timer4_match_int_task:	
   422                           ; 1 bytes @ 0x0
   423                           
   424     0073                     ??_func_main_s_timer4_match_int_task:	
   425                           ; 1 bytes @ 0x0
   426                           
   427     0073                     ?_main:	
   428                           ; 1 bytes @ 0x0
   429                           
   430     0073                     ?_isr:	
   431                           ; 1 bytes @ 0x0
   432                           
   433     0073                     ??_isr:	
   434                           ; 1 bytes @ 0x0
   435                           
   436                           
   437                           ; 1 bytes @ 0x0
   438     0073                     	ds	1
   439     0074                     ??_func_main_s_register_setup:
   440     0074                     ??_func_main_s_variable_init:	
   441                           ; 1 bytes @ 0x1
   442                           
   443     0074                     ??_func_main_s_program_start:	
   444                           ; 1 bytes @ 0x1
   445                           
   446     0074                     ??_func_main_s_loop:	
   447                           ; 1 bytes @ 0x1
   448                           
   449                           
   450                           ; 1 bytes @ 0x1
   451     0074                     	ds	1
   452     0075                     ??_main:
   453                           
   454                           	psect	maintext
   455     0055                     __pmaintext:	
   456                           ; 1 bytes @ 0x2
   457 ;;
   458 ;;Main: autosize = 0, tempsize = 0, incstack = 0, save=0
   459 ;;
   460 ;; *************** function _main *****************
   461 ;; Defined at:
   462 ;;		line 68 in file "main.c"
   463 ;; Parameters:    Size  Location     Type
   464 ;;		None
   465 ;; Auto vars:     Size  Location     Type
   466 ;;		None
   467 ;; Return value:  Size  Location     Type
   468 ;;                  1    wreg      void 
   469 ;; Registers used:
   470 ;;		wreg, status,2, status,0, pclath, cstack
   471 ;; Tracked objects:
   472 ;;		On entry : B1F/0
   473 ;;		On exit  : 0/0
   474 ;;		Unchanged: 0/0
   475 ;; Data sizes:     COMMON   BANK0   BANK1   BANK2   BANK3   BANK4
   476 ;;      Params:         0       0       0       0       0       0
   477 ;;      Locals:         0       0       0       0       0       0
   478 ;;      Temps:          0       0       0       0       0       0
   479 ;;      Totals:         0       0       0       0       0       0
   480 ;;Total ram usage:        0 bytes
   481 ;; Hardware stack levels required when called: 3
   482 ;; This function calls:
   483 ;;		_func_main_s_loop
   484 ;;		_func_main_s_program_start
   485 ;;		_func_main_s_register_setup
   486 ;;		_func_main_s_variable_init
   487 ;; This function is called by:
   488 ;;		Startup code after reset
   489 ;; This function uses a non-reentrant model
   490 ;;
   491                           
   492     0055                     _main:	
   493                           ;psect for function _main
   494                           
   495     0055                     l723:	
   496                           ;incstack = 0
   497                           ; Regs used in _main: [wreg+status,2+status,0+pclath+cstack]
   498                           
   499                           
   500                           ;main.c: 70:     func_main_s_register_setup();
   501     0055  3180  203A  3180   	fcall	_func_main_s_register_setup
   502     0058                     l725:
   503                           
   504                           ;main.c: 71:     func_main_s_variable_init();
   505     0058  3180  206A  3180   	fcall	_func_main_s_variable_init
   506     005B                     l727:
   507                           
   508                           ;main.c: 72:     func_main_s_program_start();
   509     005B  3180  206E  3180   	fcall	_func_main_s_program_start
   510     005E                     l729:
   511                           
   512                           ;main.c: 75:     {;main.c: 76:         if( u8_main_s_loop_go == 1U )
   513     005E  0372               	decf	_u8_main_s_loop_go,w
   514     005F  1D03               	btfss	3,2
   515     0060  2862               	goto	u31
   516     0061  2863               	goto	u30
   517     0062                     u31:
   518     0062  285E               	goto	l729
   519     0063                     u30:
   520     0063                     l731:
   521                           
   522                           ;main.c: 77:         {;main.c: 78:             func_main_s_loop();
   523     0063  3180  201E  3180   	fcall	_func_main_s_loop
   524     0066                     l733:
   525                           
   526                           ;main.c: 79:             u8_main_s_loop_go = 0U;
   527     0066  01F2               	clrf	_u8_main_s_loop_go
   528     0067  285E               	goto	l729
   529     0068  3180  2815         	ljmp	start
   530     006A                     __end_of_main:
   531                           
   532                           	psect	text1
   533     006A                     __ptext1:	
   534 ;; *************** function _func_main_s_variable_init *****************
   535 ;; Defined at:
   536 ;;		line 146 in file "main.c"
   537 ;; Parameters:    Size  Location     Type
   538 ;;		None
   539 ;; Auto vars:     Size  Location     Type
   540 ;;		None
   541 ;; Return value:  Size  Location     Type
   542 ;;                  1    wreg      void 
   543 ;; Registers used:
   544 ;;		status,2
   545 ;; Tracked objects:
   546 ;;		On entry : 0/0
   547 ;;		On exit  : 0/0
   548 ;;		Unchanged: 0/0
   549 ;; Data sizes:     COMMON   BANK0   BANK1   BANK2   BANK3   BANK4
   550 ;;      Params:         0       0       0       0       0       0
   551 ;;      Locals:         0       0       0       0       0       0
   552 ;;      Temps:          0       0       0       0       0       0
   553 ;;      Totals:         0       0       0       0       0       0
   554 ;;Total ram usage:        0 bytes
   555 ;; Hardware stack levels used: 1
   556 ;; Hardware stack levels required when called: 2
   557 ;; This function calls:
   558 ;;		Nothing
   559 ;; This function is called by:
   560 ;;		_main
   561 ;; This function uses a non-reentrant model
   562 ;;
   563                           
   564     006A                     _func_main_s_variable_init:	
   565                           ;psect for function _func_main_s_variable_init
   566                           
   567     006A                     l703:	
   568                           ;incstack = 0
   569                           ; Regs used in _func_main_s_variable_init: [status,2]
   570                           
   571                           
   572                           ;main.c: 148:     u8_main_s_loop_go = 0U;
   573     006A  01F2               	clrf	_u8_main_s_loop_go
   574                           
   575                           ;main.c: 149:     u8_main_s_20ms_task_flag = 0U;
   576     006B  01F1               	clrf	_u8_main_s_20ms_task_flag
   577                           
   578                           ;main.c: 150:     u8_main_s_dacout_step = 0U;
   579     006C  01F0               	clrf	_u8_main_s_dacout_step
   580     006D                     l64:
   581     006D  0008               	return
   582     006E                     __end_of_func_main_s_variable_init:
   583                           
   584                           	psect	text2
   585     003A                     __ptext2:	
   586 ;; *************** function _func_main_s_register_setup *****************
   587 ;; Defined at:
   588 ;;		line 159 in file "main.c"
   589 ;; Parameters:    Size  Location     Type
   590 ;;		None
   591 ;; Auto vars:     Size  Location     Type
   592 ;;		None
   593 ;; Return value:  Size  Location     Type
   594 ;;                  1    wreg      void 
   595 ;; Registers used:
   596 ;;		wreg, status,2
   597 ;; Tracked objects:
   598 ;;		On entry : 0/0
   599 ;;		On exit  : 0/0
   600 ;;		Unchanged: 0/0
   601 ;; Data sizes:     COMMON   BANK0   BANK1   BANK2   BANK3   BANK4
   602 ;;      Params:         0       0       0       0       0       0
   603 ;;      Locals:         0       0       0       0       0       0
   604 ;;      Temps:          0       0       0       0       0       0
   605 ;;      Totals:         0       0       0       0       0       0
   606 ;;Total ram usage:        0 bytes
   607 ;; Hardware stack levels used: 1
   608 ;; Hardware stack levels required when called: 2
   609 ;; This function calls:
   610 ;;		Nothing
   611 ;; This function is called by:
   612 ;;		_main
   613 ;; This function uses a non-reentrant model
   614 ;;
   615                           
   616     003A                     _func_main_s_register_setup:	
   617                           ;psect for function _func_main_s_register_setup
   618                           
   619     003A                     l681:	
   620                           ;incstack = 0
   621                           ; Regs used in _func_main_s_register_setup: [wreg+status,2]
   622                           
   623                           
   624                           ;main.c: 172:     OSCCON = 0x70U;
   625     003A  3070               	movlw	112
   626     003B  0021               	movlb	1	; select bank1
   627     003C  0099               	movwf	25	;volatile
   628     003D                     l683:
   629                           
   630                           ;main.c: 191:     OSCTUNE = 0x00U;
   631     003D  0198               	clrf	24	;volatile
   632     003E                     l685:
   633                           
   634                           ;main.c: 213:     INTCON = 0x40U;
   635     003E  3040               	movlw	64
   636     003F  008B               	movwf	11	;volatile
   637     0040                     l687:
   638                           
   639                           ;main.c: 232:     PIE3 = 0x02U;
   640     0040  3002               	movlw	2
   641     0041  0093               	movwf	19	;volatile
   642     0042                     l689:
   643                           
   644                           ;main.c: 251:     PIR3 = 0x00U;
   645     0042  0020               	movlb	0	; select bank0
   646     0043  0193               	clrf	19	;volatile
   647                           
   648                           ;main.c: 269:     TRISA = 0x20U;
   649     0044  3020               	movlw	32
   650     0045  0021               	movlb	1	; select bank1
   651     0046  008C               	movwf	12	;volatile
   652     0047                     l691:
   653                           
   654                           ;main.c: 289:     PORTA = 0x00U;
   655     0047  0020               	movlb	0	; select bank0
   656     0048  018C               	clrf	12	;volatile
   657     0049                     l693:
   658                           
   659                           ;main.c: 310:     TMR4 = 0xFFU;
   660     0049  30FF               	movlw	255
   661     004A  0028               	movlb	8	; select bank8
   662     004B  0095               	movwf	21	;volatile
   663     004C                     l695:
   664                           
   665                           ;main.c: 329:     T4CON = 0x4BU;
   666     004C  304B               	movlw	75
   667     004D  0097               	movwf	23	;volatile
   668     004E                     l697:
   669                           
   670                           ;main.c: 351:     PR4 = 0xFAU;
   671     004E  30FA               	movlw	250
   672     004F  0096               	movwf	22	;volatile
   673     0050                     l699:
   674                           
   675                           ;main.c: 369:     DACCON0 = 0xA0U;
   676     0050  30A0               	movlw	160
   677     0051  0022               	movlb	2	; select bank2
   678     0052  0098               	movwf	24	;volatile
   679     0053                     l701:
   680                           
   681                           ;main.c: 387:     DACCON1 = 0x00U;
   682     0053  0199               	clrf	25	;volatile
   683     0054                     l67:
   684     0054  0008               	return
   685     0055                     __end_of_func_main_s_register_setup:
   686                           
   687                           	psect	text3
   688     006E                     __ptext3:	
   689 ;; *************** function _func_main_s_program_start *****************
   690 ;; Defined at:
   691 ;;		line 419 in file "main.c"
   692 ;; Parameters:    Size  Location     Type
   693 ;;		None
   694 ;; Auto vars:     Size  Location     Type
   695 ;;		None
   696 ;; Return value:  Size  Location     Type
   697 ;;                  1    wreg      void 
   698 ;; Registers used:
   699 ;;		None
   700 ;; Tracked objects:
   701 ;;		On entry : 0/0
   702 ;;		On exit  : 0/0
   703 ;;		Unchanged: 0/0
   704 ;; Data sizes:     COMMON   BANK0   BANK1   BANK2   BANK3   BANK4
   705 ;;      Params:         0       0       0       0       0       0
   706 ;;      Locals:         0       0       0       0       0       0
   707 ;;      Temps:          0       0       0       0       0       0
   708 ;;      Totals:         0       0       0       0       0       0
   709 ;;Total ram usage:        0 bytes
   710 ;; Hardware stack levels used: 1
   711 ;; Hardware stack levels required when called: 2
   712 ;; This function calls:
   713 ;;		Nothing
   714 ;; This function is called by:
   715 ;;		_main
   716 ;; This function uses a non-reentrant model
   717 ;;
   718                           
   719     006E                     _func_main_s_program_start:	
   720                           ;psect for function _func_main_s_program_start
   721                           
   722     006E                     l705:	
   723                           ;incstack = 0
   724                           ; Regs used in _func_main_s_program_start: []
   725                           
   726                           
   727                           ;main.c: 421:     T4CON |= 0x04U;
   728     006E  0028               	movlb	8	; select bank8
   729     006F  1517               	bsf	23,2	;volatile
   730                           
   731                           ;main.c: 422:     INTCON |= 0x80U;
   732     0070  178B               	bsf	11,7	;volatile
   733     0071                     l70:
   734     0071  0008               	return
   735     0072                     __end_of_func_main_s_program_start:
   736                           
   737                           	psect	text4
   738     001E                     __ptext4:	
   739 ;; *************** function _func_main_s_loop *****************
   740 ;; Defined at:
   741 ;;		line 113 in file "main.c"
   742 ;; Parameters:    Size  Location     Type
   743 ;;		None
   744 ;; Auto vars:     Size  Location     Type
   745 ;;  u8_loop_cnt     1    0        unsigned char 
   746 ;; Return value:  Size  Location     Type
   747 ;;                  1    wreg      void 
   748 ;; Registers used:
   749 ;;		wreg, status,2, status,0
   750 ;; Tracked objects:
   751 ;;		On entry : 0/0
   752 ;;		On exit  : 0/0
   753 ;;		Unchanged: 0/0
   754 ;; Data sizes:     COMMON   BANK0   BANK1   BANK2   BANK3   BANK4
   755 ;;      Params:         0       0       0       0       0       0
   756 ;;      Locals:         0       0       0       0       0       0
   757 ;;      Temps:          1       0       0       0       0       0
   758 ;;      Totals:         1       0       0       0       0       0
   759 ;;Total ram usage:        1 bytes
   760 ;; Hardware stack levels used: 1
   761 ;; Hardware stack levels required when called: 2
   762 ;; This function calls:
   763 ;;		Nothing
   764 ;; This function is called by:
   765 ;;		_main
   766 ;; This function uses a non-reentrant model
   767 ;;
   768                           
   769     001E                     _func_main_s_loop:	
   770                           ;psect for function _func_main_s_loop
   771                           
   772     001E                     l707:	
   773                           ;incstack = 0
   774                           ; Regs used in _func_main_s_loop: [wreg+status,2+status,0]
   775                           
   776                           
   777                           ;main.c: 115:     u8 u8_loop_cnt;;main.c: 119:     if( u8_main_s_20ms_task_flag == 0U )
   778     001E  0871               	movf	_u8_main_s_20ms_task_flag,w
   779     001F  1D03               	btfss	3,2
   780     0020  2822               	goto	u11
   781     0021  2823               	goto	u10
   782     0022                     u11:
   783     0022  2828               	goto	l711
   784     0023                     u10:
   785     0023                     l709:
   786                           
   787                           ;main.c: 120:     {;main.c: 121:         u8_main_s_20ms_task_flag = 1U;
   788     0023  01F1               	clrf	_u8_main_s_20ms_task_flag
   789     0024  0AF1               	incf	_u8_main_s_20ms_task_flag,f
   790                           
   791                           ;main.c: 122:         PORTA |= 0x01U;
   792     0025  0020               	movlb	0	; select bank0
   793     0026  140C               	bsf	12,0	;volatile
   794                           
   795                           ;main.c: 123:     }
   796     0027  282B               	goto	l713
   797     0028                     l711:
   798                           
   799                           ;main.c: 125:     {;main.c: 126:         u8_main_s_20ms_task_flag = 0U;
   800     0028  01F1               	clrf	_u8_main_s_20ms_task_flag
   801                           
   802                           ;main.c: 127:         PORTA &= 0x00U;
   803     0029  0020               	movlb	0	; select bank0
   804     002A  018C               	clrf	12	;volatile
   805     002B                     l713:
   806                           
   807                           ;main.c: 131:     DACCON1 = u8_main_s_dacout_step;
   808     002B  0870               	movf	_u8_main_s_dacout_step,w
   809     002C  0022               	movlb	2	; select bank2
   810     002D  0099               	movwf	25	;volatile
   811     002E                     l715:
   812                           
   813                           ;main.c: 133:     u8_main_s_dacout_step++;
   814     002E  3001               	movlw	1
   815     002F  00F4               	movwf	??_func_main_s_loop
   816     0030  0874               	movf	??_func_main_s_loop,w
   817     0031  07F0               	addwf	_u8_main_s_dacout_step,f
   818     0032                     l717:
   819                           
   820                           ;main.c: 134:     if( u8_main_s_dacout_step >= (u8)32 )
   821     0032  3020               	movlw	32
   822     0033  0270               	subwf	_u8_main_s_dacout_step,w
   823     0034  1C03               	skipc
   824     0035  2837               	goto	u21
   825     0036  2838               	goto	u20
   826     0037                     u21:
   827     0037  2839               	goto	l61
   828     0038                     u20:
   829     0038                     l719:
   830                           
   831                           ;main.c: 135:     {;main.c: 136:         u8_main_s_dacout_step = (u8)0;
   832     0038  01F0               	clrf	_u8_main_s_dacout_step
   833     0039                     l61:
   834     0039  0008               	return
   835     003A                     __end_of_func_main_s_loop:
   836                           
   837                           	psect	intentry
   838     0004                     __pintentry:	
   839 ;; *************** function _isr *****************
   840 ;; Defined at:
   841 ;;		line 91 in file "main.c"
   842 ;; Parameters:    Size  Location     Type
   843 ;;		None
   844 ;; Auto vars:     Size  Location     Type
   845 ;;		None
   846 ;; Return value:  Size  Location     Type
   847 ;;                  1    wreg      void 
   848 ;; Registers used:
   849 ;;		wreg, status,2, status,0, pclath, cstack
   850 ;; Tracked objects:
   851 ;;		On entry : 0/0
   852 ;;		On exit  : 0/0
   853 ;;		Unchanged: 0/0
   854 ;; Data sizes:     COMMON   BANK0   BANK1   BANK2   BANK3   BANK4
   855 ;;      Params:         0       0       0       0       0       0
   856 ;;      Locals:         0       0       0       0       0       0
   857 ;;      Temps:          1       0       0       0       0       0
   858 ;;      Totals:         1       0       0       0       0       0
   859 ;;Total ram usage:        1 bytes
   860 ;; Hardware stack levels used: 1
   861 ;; Hardware stack levels required when called: 1
   862 ;; This function calls:
   863 ;;		_func_main_s_timer4_match_int_task
   864 ;; This function is called by:
   865 ;;		Interrupt level 1
   866 ;; This function uses a non-reentrant model
   867 ;;
   868                           
   869     0004                     _isr:
   870                           
   871                           ;incstack = 0
   872     0004  147E               	bsf	int$flags,0	;set compiler interrupt flag (level 1)
   873                           
   874                           ; Regs used in _isr: [wreg+status,2+status,0+pclath+cstack]
   875     0005  3180               	pagesel	$
   876     0006                     i1l735:
   877                           
   878                           ;main.c: 93:     if( (PIR3 & 0x02U) != 0 )
   879     0006  0020               	movlb	0	; select bank0
   880     0007  1C93               	btfss	19,1	;volatile
   881     0008  280A               	goto	u4_21
   882     0009  280B               	goto	u4_20
   883     000A                     u4_21:
   884     000A  2813               	goto	i1l55
   885     000B                     u4_20:
   886     000B                     i1l737:
   887                           
   888                           ;main.c: 94:     {;main.c: 95:         func_main_s_timer4_match_int_task();
   889     000B  3180  2072  3180   	fcall	_func_main_s_timer4_match_int_task
   890     000E                     i1l739:
   891                           
   892                           ;main.c: 97:         PIR3 &= (u8)~0x02U;
   893     000E  30FD               	movlw	253
   894     000F  00F3               	movwf	??_isr
   895     0010  0873               	movf	??_isr,w
   896     0011  0020               	movlb	0	; select bank0
   897     0012  0593               	andwf	19,f	;volatile
   898     0013                     i1l55:
   899     0013  107E               	bcf	int$flags,0	;clear compiler interrupt flag (level 1)
   900     0014  0009               	retfie
   901     0015                     __end_of_isr:
   902                           
   903                           	psect	text6
   904     0072                     __ptext6:	
   905 ;; *************** function _func_main_s_timer4_match_int_task *****************
   906 ;; Defined at:
   907 ;;		line 431 in file "main.c"
   908 ;; Parameters:    Size  Location     Type
   909 ;;		None
   910 ;; Auto vars:     Size  Location     Type
   911 ;;		None
   912 ;; Return value:  Size  Location     Type
   913 ;;                  1    wreg      void 
   914 ;; Registers used:
   915 ;;		None
   916 ;; Tracked objects:
   917 ;;		On entry : 0/0
   918 ;;		On exit  : 0/0
   919 ;;		Unchanged: 0/0
   920 ;; Data sizes:     COMMON   BANK0   BANK1   BANK2   BANK3   BANK4
   921 ;;      Params:         0       0       0       0       0       0
   922 ;;      Locals:         0       0       0       0       0       0
   923 ;;      Temps:          0       0       0       0       0       0
   924 ;;      Totals:         0       0       0       0       0       0
   925 ;;Total ram usage:        0 bytes
   926 ;; Hardware stack levels used: 1
   927 ;; This function calls:
   928 ;;		Nothing
   929 ;; This function is called by:
   930 ;;		_isr
   931 ;; This function uses a non-reentrant model
   932 ;;
   933                           
   934     0072                     _func_main_s_timer4_match_int_task:	
   935                           ;psect for function _func_main_s_timer4_match_int_task
   936                           
   937     0072                     i1l721:	
   938                           ;incstack = 0
   939                           ; Regs used in _func_main_s_timer4_match_int_task: []
   940                           
   941                           
   942                           ;main.c: 433:     u8_main_s_loop_go = 1U;
   943     0072  01F2               	clrf	_u8_main_s_loop_go
   944     0073  0AF2               	incf	_u8_main_s_loop_go,f
   945     0074                     i1l73:
   946     0074  0008               	return
   947     0075                     __end_of_func_main_s_timer4_match_int_task:
   948     007E                     btemp	set	126	;btemp
   949     007E                     int$flags	set	126
   950     007E                     wtemp0	set	126
   951                           
   952                           	psect	idloc
   953                           
   954                           ;Config register IDLOC0 @ 0x8000
   955                           ;	unspecified, using default values
   956     8000                     	org	32768
   957     8000  3FFF               	dw	16383
   958                           
   959                           ;Config register IDLOC1 @ 0x8001
   960                           ;	unspecified, using default values
   961     8001                     	org	32769
   962     8001  3FFF               	dw	16383
   963                           
   964                           ;Config register IDLOC2 @ 0x8002
   965                           ;	unspecified, using default values
   966     8002                     	org	32770
   967     8002  3FFF               	dw	16383
   968                           
   969                           ;Config register IDLOC3 @ 0x8003
   970                           ;	unspecified, using default values
   971     8003                     	org	32771
   972     8003  3FFF               	dw	16383
   973                           
   974                           	psect	config
   975                           
   976                           ;Config register CONFIG1 @ 0x8007
   977                           ;	Oscillator Selection
   978                           ;	FOSC = INTOSC, INTOSC oscillator: I/O function on CLKIN pin
   979                           ;	Watchdog Timer Enable
   980                           ;	WDTE = OFF, WDT disabled
   981                           ;	Power-up Timer Enable
   982                           ;	PWRTE = OFF, PWRT disabled
   983                           ;	MCLR Pin Function Select
   984                           ;	MCLRE = ON, MCLR/VPP pin function is MCLR
   985                           ;	Flash Program Memory Code Protection
   986                           ;	CP = OFF, Program memory code protection is disabled
   987                           ;	Data Memory Code Protection
   988                           ;	CPD = OFF, Data memory code protection is disabled
   989                           ;	Brown-out Reset Enable
   990                           ;	BOREN = ON, Brown-out Reset enabled
   991                           ;	Clock Out Enable
   992                           ;	CLKOUTEN = OFF, CLKOUT function is disabled. I/O or oscillator function on the CLKOUT 
      +                          pin
   993                           ;	Internal/External Switchover
   994                           ;	IESO = ON, Internal/External Switchover mode is enabled
   995                           ;	Fail-Safe Clock Monitor Enable
   996                           ;	FCMEN = ON, Fail-Safe Clock Monitor is enabled
   997     8007                     	org	32775
   998     8007  3FE4               	dw	16356
   999                           
  1000                           ;Config register CONFIG2 @ 0x8008
  1001                           ;	Flash Memory Self-Write Protection
  1002                           ;	WRT = OFF, Write protection off
  1003                           ;	PLL Enable
  1004                           ;	PLLEN = ON, 4x PLL enabled
  1005                           ;	Stack Overflow/Underflow Reset Enable
  1006                           ;	STVREN = OFF, Stack Overflow or Underflow will not cause a Reset
  1007                           ;	Brown-out Reset Voltage Selection
  1008                           ;	BORV = LO, Brown-out Reset Voltage (Vbor), low trip point selected.
  1009                           ;	Low-Voltage Programming Enable
  1010                           ;	LVP = ON, Low-voltage programming enabled
  1011     8008                     	org	32776
  1012     8008  3DFF               	dw	15871

Data Sizes:
    Strings     0
    Constant    0
    Data        0
    BSS         3
    Persistent  32
    Stack       0

Auto Spaces:
    Space          Size  Autos    Used
    COMMON           14      2       5
    BANK0            80      0       0
    BANK1            80      0       0
    BANK2            80      0       0
    BANK3            80      0       0
    BANK4            48      0       0

Pointer List with Targets:

    None.

Critical Paths under _main in COMMON

    _main->_func_main_s_loop

Critical Paths under _isr in COMMON

    None.

Critical Paths under _main in BANK0

    None.

Critical Paths under _isr in BANK0

    None.

Critical Paths under _main in BANK1

    None.

Critical Paths under _isr in BANK1

    None.

Critical Paths under _main in BANK2

    None.

Critical Paths under _isr in BANK2

    None.

Critical Paths under _main in BANK3

    None.

Critical Paths under _isr in BANK3

    None.

Critical Paths under _main in BANK4

    None.

Critical Paths under _isr in BANK4

    None.

Call Graph Tables:

 ---------------------------------------------------------------------------------
 (Depth) Function   	        Calls       Base Space   Used Autos Params    Refs
 ---------------------------------------------------------------------------------
 (0) _main                                                 0     0      0       0
                   _func_main_s_loop
          _func_main_s_program_start
         _func_main_s_register_setup
          _func_main_s_variable_init
 ---------------------------------------------------------------------------------
 (1) _func_main_s_variable_init                            0     0      0       0
 ---------------------------------------------------------------------------------
 (1) _func_main_s_register_setup                           0     0      0       0
 ---------------------------------------------------------------------------------
 (1) _func_main_s_program_start                            0     0      0       0
 ---------------------------------------------------------------------------------
 (1) _func_main_s_loop                                     2     2      0       0
                                              1 COMMON     1     1      0
 ---------------------------------------------------------------------------------
 Estimated maximum stack depth 1
 ---------------------------------------------------------------------------------
 (Depth) Function   	        Calls       Base Space   Used Autos Params    Refs
 ---------------------------------------------------------------------------------
 (2) _isr                                                  1     1      0       0
                                              0 COMMON     1     1      0
  _func_main_s_timer4_match_int_task
 ---------------------------------------------------------------------------------
 (3) _func_main_s_timer4_match_int_task                    0     0      0       0
 ---------------------------------------------------------------------------------
 Estimated maximum stack depth 3
 ---------------------------------------------------------------------------------

 Call Graph Graphs:

 _main (ROOT)
   _func_main_s_loop
   _func_main_s_program_start
   _func_main_s_register_setup
   _func_main_s_variable_init

 _isr (ROOT)
   _func_main_s_timer4_match_int_task

 Address spaces:
Name               Size   Autos  Total    Cost      Usage
BIGRAM             170      0       0       0        0.0%
EEDATA             100      0       0       0        0.0%
NULL                 0      0       0       0        0.0%
CODE                 0      0       0       0        0.0%
BITCOMMON            E      0       0       1        0.0%
BITSFR0              0      0       0       1        0.0%
SFR0                 0      0       0       1        0.0%
COMMON               E      2       5       2       35.7%
BITSFR1              0      0       0       2        0.0%
SFR1                 0      0       0       2        0.0%
BITSFR2              0      0       0       3        0.0%
SFR2                 0      0       0       3        0.0%
STACK                0      0       0       3        0.0%
BITSFR3              0      0       0       4        0.0%
SFR3                 0      0       0       4        0.0%
ABS                  0      0       5       4        0.0%
BITBANK0            50      0       0       5        0.0%
BITSFR4              0      0       0       5        0.0%
SFR4                 0      0       0       5        0.0%
BANK0               50      0       0       6        0.0%
BITSFR5              0      0       0       6        0.0%
SFR5                 0      0       0       6        0.0%
BITBANK1            50      0       0       7        0.0%
BITSFR6              0      0       0       7        0.0%
SFR6                 0      0       0       7        0.0%
BANK1               50      0       0       8        0.0%
BITSFR7              0      0       0       8        0.0%
SFR7                 0      0       0       8        0.0%
BITBANK2            50      0       0       9        0.0%
BITSFR8              0      0       0       9        0.0%
SFR8                 0      0       0       9        0.0%
BANK2               50      0       0      10        0.0%
BITSFR9              0      0       0      10        0.0%
SFR9                 0      0       0      10        0.0%
BITBANK3            50      0       0      11        0.0%
BITSFR10             0      0       0      11        0.0%
SFR10                0      0       0      11        0.0%
BANK3               50      0       0      12        0.0%
BITSFR11             0      0       0      12        0.0%
SFR11                0      0       0      12        0.0%
BITBANK4            30      0       0      13        0.0%
BITSFR12             0      0       0      13        0.0%
SFR12                0      0       0      13        0.0%
BANK4               30      0       0      14        0.0%
BITSFR13             0      0       0      14        0.0%
SFR13                0      0       0      14        0.0%
BITSFR14             0      0       0      15        0.0%
SFR14                0      0       0      15        0.0%
DATA                 0      0       5      15        0.0%
BITSFR15             0      0       0      16        0.0%
SFR15                0      0       0      16        0.0%
BITSFR16             0      0       0      17        0.0%
SFR16                0      0       0      17        0.0%
BITSFR17             0      0       0      18        0.0%
SFR17                0      0       0      18        0.0%
BITSFR18             0      0       0      19        0.0%
SFR18                0      0       0      19        0.0%
BITSFR19             0      0       0      20        0.0%
SFR19                0      0       0      20        0.0%
BITSFR20             0      0       0      21        0.0%
SFR20                0      0       0      21        0.0%
BITSFR21             0      0       0      22        0.0%
SFR21                0      0       0      22        0.0%
BITSFR22             0      0       0      23        0.0%
SFR22                0      0       0      23        0.0%
BITSFR23             0      0       0      24        0.0%
SFR23                0      0       0      24        0.0%
BITSFR24             0      0       0      25        0.0%
SFR24                0      0       0      25        0.0%
BITSFR25             0      0       0      26        0.0%
SFR25                0      0       0      26        0.0%
BITSFR26             0      0       0      27        0.0%
SFR26                0      0       0      27        0.0%
BITSFR27             0      0       0      28        0.0%
SFR27                0      0       0      28        0.0%
BITSFR28             0      0       0      29        0.0%
SFR28                0      0       0      29        0.0%
BITSFR29             0      0       0      30        0.0%
SFR29                0      0       0      30        0.0%
BITSFR30             0      0       0      31        0.0%
SFR30                0      0       0      31        0.0%
BITSFR31             0      0       0      32        0.0%
SFR31                0      0       0      32        0.0%


Microchip Technology PIC Macro Assembler V2.41 build 20230208172133 
Symbol Table                                                                                   Sun Feb 15 19:45:11 2026

                                       l61 0039                                         l70 0071  
                                       l64 006D                                         l67 0054  
                                       u10 0023                                         u11 0022  
                                       u20 0038                                         u21 0037  
                                       u30 0063                                         u31 0062  
                                      l701 0053                                        l711 0028  
                                      l703 006A                                        l713 002B  
                                      l705 006E                                        l715 002E  
                                      l707 001E                                        l731 0063  
                                      l723 0055                                        l717 0032  
                                      l709 0023                                        l733 0066  
                                      l725 0058                                        l719 0038  
                                      l727 005B                                        l681 003A  
                                      l729 005E                                        l691 0047  
                                      l683 003D                                        l693 0049  
                                      l685 003E                                        l695 004C  
                                      l687 0040                                        l697 004E  
                                      l689 0042                                        l699 0050  
                                      _PR4 0416                                        _isr 0004  
                                     ?_isr 0073                                       _PIE3 0093  
                                     i1l55 0013                                       i1l73 0074  
                                     _PIR3 0013                                       _TMR4 0415  
                                     u4_20 000B                                       u4_21 000A  
                                     _main 0055                                       btemp 007E  
                                     start 0015          __end_of_func_main_s_program_start 0072  
__end_of_func_main_s_timer4_match_int_task 0075        ??_func_main_s_timer4_match_int_task 0073  
       ?_func_main_s_timer4_match_int_task 0073          _func_main_s_timer4_match_int_task 0072  
                                    ??_isr 0073                                      ?_main 0073  
                                    _T4CON 0417                                      i1l721 0072  
                                    i1l735 0006                                      i1l737 000B  
                                    i1l739 000E                                      _PORTA 000C  
                                    _TRISA 008C                                      status 0003  
                                    wtemp0 007E                          _u8_main_s_loop_go 0072  
                          __initialization 0017                               __end_of_main 006A  
                                   ??_main 0075               ??_func_main_s_register_setup 0074  
                                   _INTCON 000B                                     _OSCCON 0099  
               ?_func_main_s_variable_init 0073                           _func_main_s_loop 001E  
                  __end_of__initialization 001A                             __pcstackCOMMON 0073  
                               __pmaintext 0055                                 __pintentry 0004  
                                  _DACCON0 0118                                    _DACCON1 0119  
       __end_of_func_main_s_register_setup 0055                 _func_main_s_register_setup 003A  
                                  _OSCTUNE 0098                 ?_func_main_s_program_start 0073  
                                  __ptext1 006A                                    __ptext2 003A  
                                  __ptext3 006E                                    __ptext4 001E  
                                  __ptext6 0072                       end_of_initialization 001A  
                 __end_of_func_main_s_loop 003A                ??_func_main_s_variable_init 0074  
                      start_initialization 0017                                __end_of_isr 0015  
                _func_main_s_variable_init 006A                ?_func_main_s_register_setup 0073  
                              __pbssCOMMON 0070                                  ___latbits 0001  
              ??_func_main_s_program_start 0074                      _u8_main_s_dacout_step 0070  
                        ?_func_main_s_loop 0073                         ??_func_main_s_loop 0074  
                _func_main_s_program_start 006E                                   int$flags 007E  
        __end_of_func_main_s_variable_init 006E                   _u8_main_s_20ms_task_flag 0071  
                                 intlevel1 0000  
